/*C12*/SET SCHEMA PUBLIC
drop table if exists course CASCADE 
drop table if exists person CASCADE 
drop sequence hibernate_sequence if exists
create sequence hibernate_sequence start with 1 increment by 1
create table course (id bigint not null, name varchar(255) not null, primary key (id))
create table person (id bigint not null, date_of_birth date, email varchar(255) not null, first_name varchar(255), last_name varchar(255), password varchar(255) not null, website varchar(255), group_id bigint, primary key (id))
INSERT INTO COURSE VALUES(1,'Architecture JEE')
ALTER SEQUENCE PUBLIC.HIBERNATE_SEQUENCE RESTART WITH 2
COMMIT
INSERT INTO COURSE VALUES(2,'Donn\u00e9es post-relationnelles')
ALTER SEQUENCE PUBLIC.HIBERNATE_SEQUENCE RESTART WITH 3
COMMIT
drop table if exists course CASCADE 
drop table if exists person CASCADE 
drop sequence hibernate_sequence if exists
DISCONNECT
/*C13*/SET SCHEMA PUBLIC
DISCONNECT
/*C14*/SET SCHEMA PUBLIC
DISCONNECT
/*C15*/SET SCHEMA PUBLIC
DISCONNECT
/*C16*/SET SCHEMA PUBLIC
DISCONNECT
/*C17*/SET SCHEMA PUBLIC
DISCONNECT
/*C18*/SET SCHEMA PUBLIC
DISCONNECT
/*C19*/SET SCHEMA PUBLIC
DISCONNECT
/*C20*/SET SCHEMA PUBLIC
DISCONNECT
/*C21*/SET SCHEMA PUBLIC
DISCONNECT
