/*C4*/SET SCHEMA PUBLIC
create table if not exists NAME ( id integer not null,  name varchar(50) not null,  primary key (id) )
DISCONNECT
/*C5*/SET SCHEMA PUBLIC
DELETE FROM NAME WHERE ID=100
COMMIT
DISCONNECT
/*C6*/SET SCHEMA PUBLIC
DELETE FROM NAME WHERE ID=200
COMMIT
DISCONNECT
/*C7*/SET SCHEMA PUBLIC
INSERT INTO NAME VALUES(100,'Hello')
COMMIT
DISCONNECT
/*C8*/SET SCHEMA PUBLIC
INSERT INTO NAME VALUES(200,'Salut')
COMMIT
DISCONNECT
/*C9*/SET SCHEMA PUBLIC
DISCONNECT
/*C10*/SET SCHEMA PUBLIC
DISCONNECT
/*C11*/SET SCHEMA PUBLIC
DISCONNECT
/*C12*/SET SCHEMA PUBLIC
DISCONNECT
/*C13*/SET SCHEMA PUBLIC
DELETE FROM NAME WHERE ID=400
COMMIT
DISCONNECT
/*C14*/SET SCHEMA PUBLIC
INSERT INTO NAME VALUES(400,'Hello')
COMMIT
DISCONNECT
/*C15*/SET SCHEMA PUBLIC
DELETE FROM NAME WHERE ID=400
INSERT INTO NAME VALUES(400,'Hola')
COMMIT
DISCONNECT
/*C16*/SET SCHEMA PUBLIC
DISCONNECT
/*C17*/SET SCHEMA PUBLIC
DELETE FROM NAME WHERE ID=300
COMMIT
DISCONNECT
/*C18*/SET SCHEMA PUBLIC
INSERT INTO NAME VALUES(300,'Bye')
COMMIT
DISCONNECT
/*C19*/SET SCHEMA PUBLIC
DISCONNECT
/*C20*/SET SCHEMA PUBLIC
DISCONNECT
